<?xml version="1.0" encoding="UTF-8"?>
<!-- Generated by org.testng.reporters.JUnitReportReporter -->
<testsuite hostname="LAPTOP-DCSIFR0Q" failures="0" tests="1" name="com.TestRunner.TestRunner" time="6.849" errors="0" timestamp="2025-07-13T11:44:48 IST" skipped="0">
  <testcase classname="com.TestRunner.TestRunner" name="runScenario" time="6.849"/>
  <system-out/>
</testsuite> <!-- com.TestRunner.TestRunner -->
